[0m00:16:30.767009 [debug] [MainThread]: Sending event: {'category': 'dbt', 'action': 'invocation', 'label': 'start', 'context': [<snowplow_tracker.self_describing_json.SelfDescribingJson object at 0x105ec8590>, <snowplow_tracker.self_describing_json.SelfDescribingJson object at 0x106c079d0>, <snowplow_tracker.self_describing_json.SelfDescribingJson object at 0x106c07b10>]}


============================== 00:16:30.770069 | 10fb7dd4-c539-4984-ba00-71825f4bf0cd ==============================
[0m00:16:30.770069 [info ] [MainThread]: Running with dbt=1.11.0-b4
[0m00:16:30.770418 [debug] [MainThread]: running dbt with arguments {'partial_parse': 'True', 'warn_error': 'None', 'empty': 'None', 'quiet': 'False', 'fail_fast': 'False', 'debug': 'False', 'cache_selected_only': 'False', 'send_anonymous_usage_stats': 'True', 'no_print': 'None', 'profiles_dir': '/Users/dbryant/.dbt', 'introspect': 'True', 'use_colors': 'True', 'log_path': 'logs', 'log_cache_events': 'False', 'invocation_command': 'dbt init', 'static_parser': 'True', 'log_format': 'default', 'warn_error_options': 'WarnErrorOptionsV2(error=[], warn=[], silence=[])', 'version_check': 'True', 'target_path': 'None', 'indirect_selection': 'eager', 'printer_width': '80', 'write_json': 'True', 'use_experimental_parser': 'False'}
[0m00:16:30.780593 [info ] [MainThread]: Creating dbt configuration folder at /Users/dbryant/.dbt
[0m00:17:08.019654 [debug] [MainThread]: Starter project path: /Users/dbryant/dbt-env/lib/python3.13/site-packages/dbt/include/starter_project
[0m00:17:08.048329 [info ] [MainThread]: 
Your new dbt project "end_2_end_demo" was created!

For more information on how to configure the profiles.yml file,
please consult the dbt documentation here:

  https://docs.getdbt.com/docs/configure-your-profile

One more thing:

Need help? Don't hesitate to reach out to us via GitHub issues or on Slack:

  https://community.getdbt.com/

Happy modeling!

[0m00:17:08.049056 [info ] [MainThread]: Setting up your profile.
[0m00:17:25.340402 [debug] [MainThread]: Snowflake adapter: Setting snowflake.connector to ERROR (file logging only)
[0m00:17:25.340671 [debug] [MainThread]: Snowflake adapter: Setting botocore to ERROR (file logging only)
[0m00:17:25.340832 [debug] [MainThread]: Snowflake adapter: Setting boto3 to ERROR (file logging only)
[0m00:21:08.464321 [info ] [MainThread]: Profile end_2_end_demo written to /Users/dbryant/.dbt/profiles.yml using target's profile_template.yml and your supplied values. Run 'dbt debug' to validate the connection.
[0m00:21:08.491109 [debug] [MainThread]: Resource report: {"command_name": "init", "command_success": true, "command_wall_clock_time": 277.7743, "process_in_blocks": "0", "process_kernel_time": 0.223042, "process_mem_max_rss": "126926848", "process_out_blocks": "0", "process_user_time": 0.764694}
[0m00:21:08.493832 [debug] [MainThread]: Command `dbt init` succeeded at 00:21:08.493667 after 277.78 seconds
[0m00:21:08.494846 [debug] [MainThread]: Sending event: {'category': 'dbt', 'action': 'invocation', 'label': 'end', 'context': [<snowplow_tracker.self_describing_json.SelfDescribingJson object at 0x107c0f820>, <snowplow_tracker.self_describing_json.SelfDescribingJson object at 0x105765c70>, <snowplow_tracker.self_describing_json.SelfDescribingJson object at 0x107c26470>]}
[0m00:21:08.495783 [debug] [MainThread]: Flushing usage events
[0m00:21:08.861139 [debug] [MainThread]: An error was encountered while trying to flush usage events
